<?xml version="1.0" encoding="UTF-8"?>
<!-- Generated by org.testng.reporters.JUnitReportReporter -->
<testsuite hostname="LAPTOP-BUNR691F" failures="0" tests="1" name="generic.Preconditions" time="340.131" errors="0" timestamp="2022-08-10T18:08:21 IST" skipped="0">
  <testcase classname="generic.Preconditions" name="setUp" time="340.131"/>
  <system-out/>
</testsuite> <!-- generic.Preconditions -->
