<?xml version="1.0" encoding="UTF-8"?>
<!-- Generated by org.testng.reporters.JUnitReportReporter -->
<testsuite hostname="LAPTOP-BUNR691F" failures="0" tests="1" name="testscript.LoginFlow" time="21.905" errors="0" timestamp="2022-08-08T20:07:02 IST" skipped="0">
  <testcase classname="testscript.LoginFlow" name="invalidEmailFlow" time="21.905"/>
  <system-out/>
</testsuite> <!-- testscript.LoginFlow -->
